"../../../Engine/Content/Animation/DefaultAnimCurveCompressionSettings.uasset" 0
"../../../Engine/Content/Functions/Engine_MaterialFunctions01/Opacity/CameraDepthFade.uasset" 1
"../../../Engine/Content/EngineMaterials/T_Default_Material_Grid_M.uasset" 2
"../../../Engine/Content/EngineMaterials/T_Default_Material_Grid_N.uasset" 3
"../../../Engine/Content/EngineMaterials/WorldGridMaterial.uasset" 4
"../../../Engine/Content/ArtTools/RenderToTexture/Meshes/S_1_Unit_Plane.uasset" 5
"../../../Engine/Content/EngineMaterials/DefaultMaterial.uasset" 6
"../../../Engine/Content/BasicShapes/Cone.uasset" 7
"../../../Engine/Content/BasicShapes/Cube.uasset" 8
"../../../Engine/Content/BasicShapes/Cylinder.uasset" 9
"../../../Engine/Content/BasicShapes/Plane.uasset" 10
"../../../Engine/Content/BasicShapes/Sphere.uasset" 11
"../../../Engine/Content/EditorLandscapeResources/DataLayer.uasset" 12
"../../../Engine/Content/EditorMaterials/MAT_Groups_Toggle.uasset" 13
"../../../Engine/Content/EditorMaterials/MAT_Groups_Visibility.uasset" 14
"../../../Engine/Content/EditorMaterials/PreviewShadowIndicator.uasset" 15
"../../../Engine/Content/EditorMaterials/PreviewShadowIndicatorMaterial.uasset" 16
"../../../Engine/Content/EditorMaterials/MatineeGroups/MAT_ColorTrack.uasset" 17
"../../../Engine/Content/EditorMaterials/MatineeGroups/MAT_Groups_Anim.uasset" 18
"../../../Engine/Content/EditorMaterials/MatineeGroups/MAT_Groups_AudioMaster.uasset" 19
"../../../Engine/Content/EditorMaterials/MatineeGroups/MAT_Groups_Director.uasset" 20
"../../../Engine/Content/EditorMaterials/MatineeGroups/MAT_Groups_Event.uasset" 21
"../../../Engine/Content/EditorMaterials/MatineeGroups/MAT_Groups_Fade.uasset" 22
"../../../Engine/Content/EditorMaterials/MatineeGroups/MAT_Groups_Float.uasset" 23
"../../../Engine/Content/EditorMaterials/MatineeGroups/MAT_Groups_Move.uasset" 24
"../../../Engine/Content/EditorMaterials/MatineeGroups/MAT_Groups_Slomo.uasset" 25
"../../../Engine/Content/EditorMaterials/MatineeGroups/MAT_Groups_Sound.uasset" 26
"../../../Engine/Content/EditorMaterials/MatineeGroups/MAT_Groups_Vector.uasset" 27
"../../../Engine/Content/EditorMaterials/ParticleSystems/PSysThumbnail_NoImage.uasset" 28
"../../../Engine/Content/EditorMaterials/ParticleSystems/PSysThumbnail_OOD.uasset" 29
"../../../Engine/Content/EditorMaterials/Camera/CineMat.uasset" 30
"../../../Engine/Content/EditorMaterials/Camera/MI_CineMat_Rig.uasset" 31
"../../../Engine/Content/EditorMeshes/Camera/SM_CraneRig_Arm.uasset" 32
"../../../Engine/Content/EditorMeshes/Camera/SM_CraneRig_Base.uasset" 33
"../../../Engine/Content/EditorMeshes/Camera/SM_CraneRig_Body.uasset" 34
"../../../Engine/Content/EditorMeshes/Camera/SM_CraneRig_Mount.uasset" 35
"../../../Engine/Content/EditorMeshes/Camera/SM_RailRig_Mount.uasset" 36
"../../../Engine/Content/EditorMeshes/Camera/SM_RailRig_Track.uasset" 37
"../../../Engine/Content/EditorResources/BSPVertex.uasset" 38
"../../../Engine/Content/EditorResources/EmptyActor.uasset" 39
"../../../Engine/Content/EditorResources/S_Actor.uasset" 40
"../../../Engine/Content/EditorResources/S_Note.uasset" 41
"../../../Engine/Content/EditorResources/S_Solver.uasset" 42
"../../../Engine/Content/EditorResources/S_Trigger.uasset" 43
"../../../Engine/Content/EditorResources/AudioIcons/S_AudioComponent_AutoActivate.uasset" 44
"../../../Engine/Content/EditorResources/LightIcons/S_LightError.uasset" 45
"../../../Engine/Content/EditorResources/SequenceRecorder/Countdown.uasset" 46
"../../../Engine/Content/EditorResources/SequenceRecorder/RecordingIndicator.uasset" 47
"../../../Engine/Content/EditorSounds/Notifications/CompileFailed.uasset" 48
"../../../Engine/Content/EditorSounds/Notifications/CompileFailed_Cue.uasset" 49
"../../../Engine/Content/EditorSounds/Notifications/CompileSuccess.uasset" 50
"../../../Engine/Content/EditorSounds/Notifications/CompileStart_Cue.uasset" 51
"../../../Engine/Content/EditorSounds/Notifications/CompileSuccess_Cue.uasset" 52
"../../../Engine/Content/EngineDamageTypes/DmgTypeBP_Environmental.uasset" 53
"../../../Engine/Content/EngineDebugMaterials/DebugEditorMaterial.uasset" 54
"../../../Engine/Content/EngineDebugMaterials/DebugMeshMaterial.uasset" 55
"../../../Engine/Content/EngineDebugMaterials/M_SimpleTranslucent.uasset" 56
"../../../Engine/Content/Functions/Engine_MaterialFunctions02/Utility/CameraDirectionVector.uasset" 57
"../../../Engine/Content/EngineDebugMaterials/VolumeToRender.uasset" 58
"../../../Engine/Content/EngineDebugMaterials/M_VolumeRenderSphereTracePP.uasset" 59
"../../../Engine/Content/EngineDebugMaterials/WireframeMaterial.uasset" 60
"../../../Engine/Content/EngineFonts/Faces/DroidSansFallback.uasset" 61
"../../../Engine/Content/EngineFonts/Faces/RobotoBold.uasset" 62
"../../../Engine/Content/EngineFonts/Faces/RobotoBoldItalic.uasset" 63
"../../../Engine/Content/EngineFonts/Faces/RobotoItalic.uasset" 64
"../../../Engine/Content/EngineFonts/Faces/RobotoLight.uasset" 65
"../../../Engine/Content/EngineFonts/Faces/RobotoRegular.uasset" 66
"../../../Engine/Content/EngineFonts/Roboto.uasset" 67
"../../../Engine/Content/EngineMaterials/BaseFlattenDiffuseMap.uasset" 68
"../../../Engine/Content/EngineMaterials/BaseFlattenEmissiveMap.uasset" 69
"../../../Engine/Content/EngineMaterials/BaseFlattenGrayscaleMap.uasset" 70
"../../../Engine/Content/EngineMaterials/BaseFlattenNormalMap.uasset" 71
"../../../Engine/Content/EngineMaterials/BaseFlattenMaterial.uasset" 72
"../../../Engine/Content/EngineMaterials/BlueNoise.uasset" 73
"../../../Engine/Content/EngineMaterials/DefaultBloomKernel.uasset" 74
"../../../Engine/Content/EngineMaterials/DefaultBokeh.uasset" 75
"../../../Engine/Content/EngineMaterials/DefaultDiffuse.uasset" 76
"../../../Engine/Content/EngineMaterials/DefaultDeferredDecalMaterial.uasset" 77
"../../../Engine/Content/EngineMaterials/DefaultLightFunctionMaterial.uasset" 78
"../../../Engine/Content/EngineMaterials/DefaultPhysicalMaterial.uasset" 79
"../../../Engine/Content/Functions/Engine_MaterialFunctions02/Utility/BreakOutFloat2Components.uasset" 80
"../../../Engine/Content/EngineMaterials/DefaultPostProcessMaterial.uasset" 81
"../../../Engine/Content/EngineFonts/RobotoDistanceField.uasset" 82
"../../../Engine/Content/EngineMaterials/DefaultTextMaterialOpaque.uasset" 83
"../../../Engine/Content/EngineMaterials/DefaultVirtualTextureMaterial.uasset" 84
"../../../Engine/Content/EngineMaterials/DefaultWhiteGrid.uasset" 85
"../../../Engine/Content/EngineMaterials/DefaultWhiteGrid_Low.uasset" 86
"../../../Engine/Content/EngineMaterials/EmissiveMeshMaterial.uasset" 87
"../../../Engine/Content/EngineMaterials/GizmoMaterial.uasset" 88
"../../../Engine/Content/EngineMaterials/Good64x64TilingNoiseHighFreq.uasset" 89
"../../../Engine/Content/EngineMaterials/HairDefaultMaterial.uasset" 90
"../../../Engine/Content/EngineMaterials/MiniFont.uasset" 91
"../../../Engine/Content/EngineMaterials/InvalidLightmapSettings.uasset" 92
"../../../Engine/Content/EngineMaterials/M_InvalidLightmapSettings.uasset" 93
"../../../Engine/Content/Functions/Engine_MaterialFunctions02/WorldPositionOffset/CameraOffset.uasset" 94
"../../../Engine/Content/EngineMaterials/PhAT_JointLimitMaterial.uasset" 95
"../../../Engine/Content/EngineMaterials/PreintegratedSkinBRDF.uasset" 96
"../../../Engine/Content/EngineMaterials/RemoveSurfaceMaterial.uasset" 97
"../../../Engine/Content/EngineMaterials/WeightMapPlaceholderTexture.uasset" 98
"../../../Engine/Content/EngineResources/WhiteSquareTexture.uasset" 99
"../../../Engine/Content/EngineMaterials/Widget3DPassThrough.uasset" 100
"../../../Engine/Content/EngineMaterials/Widget3DPassThrough_Masked.uasset" 101
"../../../Engine/Content/EngineMaterials/Widget3DPassThrough_Opaque.uasset" 102
"../../../Engine/Content/EngineMaterials/Widget3DPassThrough_Masked_OneSided.uasset" 103
"../../../Engine/Content/EngineMaterials/Widget3DPassThrough_Opaque_OneSided.uasset" 104
"../../../Engine/Content/EngineMaterials/Widget3DPassThrough_Translucent.uasset" 105
"../../../Engine/Content/EngineMaterials/Widget3DPassThrough_Translucent_OneSided.uasset" 106
"../../../Engine/Content/EngineMeshes/Cylinder.uasset" 107
"../../../Engine/Content/EngineMeshes/Sphere.uasset" 108
"../../../Engine/Content/EngineResources/Black.uasset" 109
"../../../Engine/Content/EngineResources/DefaultTexture.uasset" 110
"../../../Engine/Content/EngineResources/DefaultTextureCube.uasset" 111
"../../../Engine/Content/EngineResources/DefaultVolumeTexture2D.uasset" 112
"../../../Engine/Content/EngineResources/DefaultVolumeTexture.uasset" 113
"../../../Engine/Content/EngineResources/GradientTexture0.uasset" 114
"../../../Engine/Content/EngineSounds/Master.uasset" 115
"../../../Engine/Content/Functions/Engine_MaterialFunctions01/Shading/ConvertFromDiffSpec.uasset" 116
"../../../Engine/Content/Functions/Engine_MaterialFunctions01/Shading/PowerToRoughness.uasset" 117
"../../../Engine/Content/Maps/Templates/Thumbnails/Default.uasset" 118
"../../../Engine/Content/Maps/Templates/Thumbnails/TimeOfDay.uasset" 119
"../../../Engine/Content/Maps/Templates/Thumbnails/VR-Basic.uasset" 120
"../../../Engine/Content/MobileResources/T_MobileControls_texture.uasset" 121
"../../../Engine/Content/MobileResources/T_MobileMenu2.uasset" 122
"../../../Engine/Content/MobileResources/HUD/AnalogHat.uasset" 123
"../../../Engine/Content/MobileResources/HUD/VirtualJoystick_Background.uasset" 124
"../../../Engine/Content/MobileResources/HUD/VirtualJoystick_Thumb.uasset" 125
"../../../Engine/Content/MobileResources/HUD/DefaultVirtualJoysticks.uasset" 126
"../../../Engine/Content/MobileResources/HUD/LeftVirtualJoystickOnly.uasset" 127
"../../../Engine/Content/MobileResources/HUD/MobileHUDButton1_off.uasset" 128
"../../../Engine/Content/MobileResources/HUD/MobileHUDButton1_on.uasset" 129
"../../../Engine/Content/MobileResources/HUD/MobileHUDButton2_off.uasset" 130
"../../../Engine/Content/MobileResources/HUD/MobileHUDButton2_on.uasset" 131
"../../../Engine/Content/MobileResources/HUD/MobileHUDButton3.uasset" 132
"../../../Engine/Content/MobileResources/HUD/MobileHUDButtonFire.uasset" 133
"../../../Engine/Content/MobileResources/HUD/MobileHUDDirectionPad.uasset" 134
"../../../Engine/Content/MobileResources/HUD/MobileHUDDirectionPad2.uasset" 135
"../../../Engine/Content/MobileResources/HUD/MobileHUDDirectionPad3.uasset" 136
"../../../Engine/Content/MobileResources/HUD/MobileHUDDirectionStick.uasset" 137
"../../../Engine/Content/MobileResources/HUD/T_Castle_ThumbstickInner.uasset" 138
"../../../Engine/Content/MobileResources/HUD/T_Castle_ThumbstickOutter.uasset" 139
"../../../Engine/Content/Tutorial/ContentIntroCurve.uasset" 140
"../../../Engine/Content/Tutorial/Basics/LevelEditorAttract.uasset" 141
"../../../Engine/Content/Tutorial/Basics/TutorialAssets/icon_tab_Levels_40x.uasset" 142
"../../../Engine/Content/Tutorial/Basics/LevelEditorOverview.uasset" 143
"../../../Engine/Content/Tutorial/BlueprintTutorials/TutorialAssets/Blueprint_64x.uasset" 144
"../../../Engine/Content/Tutorial/BlueprintTutorials/BlueprintEditorTutorial.uasset" 145
"../../../Engine/Content/Tutorial/SubEditors/GettingSubstance.uasset" 146
"../../../Engine/Content/VREditor/LaserPointer/VR_LaserPower_01.uasset" 147
"../../../Engine/Content/VREditor/TransformGizmo/TransformGizmoMaterial.uasset" 148
"../../../Engine/Content/VREditor/TransformGizmo/TranslucentTransformGizmoMaterial.uasset" 149
"../../../Engine/Content/VREditor/TransformGizmo/BoundingBoxCorner.uasset" 150
"../../../Engine/Content/VREditor/TransformGizmo/BoundingBoxEdge.uasset" 151
"../../../Engine/Content/VREditor/TransformGizmo/PlaneTranslationHandle.uasset" 152
"../../../Engine/Content/VREditor/TransformGizmo/Main.uasset" 153
"../../../Engine/Content/VREditor/TransformGizmo/Xray.uasset" 154
"../../../Engine/Content/VREditor/TransformGizmo/SM_Sequencer_Key.uasset" 155
"../../../Engine/Content/VREditor/TransformGizmo/SM_Sequencer_Node.uasset" 156
"../../Plugins/2D/Paper2D/Content/PlaceholderTextures/DummySpriteTexture.uasset" 157
"../../Plugins/2D/Paper2D/Content/DummySprite.uasset" 158
"../../Plugins/2D/Paper2D/Content/DefaultPaperTerrainMaterial.uasset" 159
"../../Plugins/2D/Paper2D/Content/DummySpriteTexture.uasset" 160
"../../Plugins/2D/Paper2D/Content/DefaultSpriteMaterial.uasset" 161
"../../Plugins/2D/Paper2D/Content/MaskedUnlitSpriteMaterial.uasset" 162
"../../Plugins/2D/Paper2D/Content/OpaqueUnlitSpriteMaterial.uasset" 163
"../../../Engine/Content/Functions/Engine_MaterialFunctions02/Utility/BreakOutFloat4Components.uasset" 164
"../../../Engine/Content/Functions/Engine_MaterialFunctions02/Utility/MakeFloat2.uasset" 165
"../../../Engine/Content/Functions/Engine_MaterialFunctions02/Utility/MakeFloat3.uasset" 166
"../../Plugins/Runtime/Oculus/OculusVR/Content/Materials/OculusMR_ChromaKey.uasset" 167
"../../Plugins/Runtime/Oculus/OculusVR/Content/Materials/OculusMR_ChromaKey_Lit.uasset" 168
"../../Plugins/Runtime/Oculus/OculusVR/Content/Materials/OculusMR_OpaqueColoredMaterial.uasset" 169
"../../Plugins/Runtime/Oculus/OculusVR/Content/Materials/OculusMR_WhiteMaterial.uasset" 170
"../../../../../Create/Projects/Unreal/Hue_01_01/Content/UI/UI_LevelSelect.uasset" 171
"../../../../../Create/Projects/Unreal/Hue_01_01/Content/Blueprints/Game/PCtrl_LevelSelect.uasset" 172
"../../../../../Create/Projects/Unreal/Hue_01_01/Content/Blueprints/Game/GM_LevelSelect.uasset" 173
"../../../../../Create/Projects/Unreal/Hue_01_01/Content/Levels/LevelChoice.umap" 174
"../../../../../Create/Projects/Unreal/Hue_01_01/Content/Data/E_PickUpTypes.uasset" 175
"../../../../../Create/Projects/Unreal/Hue_01_01/Content/StaticMesh/Track_Coins_Bomb_Coin.uasset" 176
"../../../../../Create/Projects/Unreal/Hue_01_01/Content/Blueprints/Actors/BP_PickUps.uasset" 177
"../../../../../Create/Projects/Unreal/Hue_01_01/Content/Sound/Explosion.uasset" 178
"../../../../../Create/Projects/Unreal/Hue_01_01/Content/Materials/M_Bomb.uasset" 179
"../../../../../Create/Projects/Unreal/Hue_01_01/Content/StaticMesh/Track_Coins_Bomb_Bomb.uasset" 180
"../../../../../Create/Projects/Unreal/Hue_01_01/Content/Blueprints/Actors/BP_Bomb.uasset" 181
"../../../../../Create/Projects/Unreal/Hue_01_01/Content/SkeletalMesh/Material_009.uasset" 182
"../../../../../Create/Projects/Unreal/Hue_01_01/Content/Sound/Health.uasset" 183
"../../../../../Create/Projects/Unreal/Hue_01_01/Content/StaticMesh/Health.uasset" 184
"../../../../../Create/Projects/Unreal/Hue_01_01/Content/Blueprints/Actors/BP_Health.uasset" 185
"../../../../../Create/Projects/Unreal/Hue_01_01/Content/Data/E_PickUpColours.uasset" 186
"../../../../../Create/Projects/Unreal/Hue_01_01/Content/Blueprints/Actors/BP_Coins.uasset" 187
"../../../../../Create/Projects/Unreal/Hue_01_01/Content/Materials/M_RedCoins.uasset" 188
"../../../../../Create/Projects/Unreal/Hue_01_01/Content/Sound/Gold02.uasset" 189
"../../../../../Create/Projects/Unreal/Hue_01_01/Content/Blueprints/Actors/BP_RedCoins.uasset" 190
"../../../../../Create/Projects/Unreal/Hue_01_01/Content/Materials/M_YellowCoins.uasset" 191
"../../../../../Create/Projects/Unreal/Hue_01_01/Content/Sound/Gold01.uasset" 192
"../../../../../Create/Projects/Unreal/Hue_01_01/Content/Blueprints/Actors/BP_YellowCoins.uasset" 193
"../../../Engine/Content/EditorBlueprintResources/StandardMacros.uasset" 194
"../../../Engine/Content/EngineSky/C_Sky_Cloud_Color.uasset" 195
"../../../Engine/Content/EngineSky/C_Sky_Horizon_Color.uasset" 196
"../../../Engine/Content/EngineSky/C_Sky_Zenith_Color.uasset" 197
"../../../Engine/Content/EngineSky/T_Sky_Blue.uasset" 198
"../../../Engine/Content/EngineSky/T_Sky_Clouds_M.uasset" 199
"../../../Engine/Content/EngineSky/T_Sky_Stars.uasset" 200
"../../../Engine/Content/EngineSky/M_Sky_Panning_Clouds2.uasset" 201
"../../../Engine/Content/EngineSky/SM_SkySphere.uasset" 202
"../../../Engine/Content/EngineSky/BP_Sky_Sphere.uasset" 203
"../../../../../Create/Projects/Unreal/Hue_01_01/Content/Materials/Material_004.uasset" 204
"../../../../../Create/Projects/Unreal/Hue_01_01/Content/StaticMesh/Track_Coins_Bomb_PlaneTrack.uasset" 205
"../../../../../Create/Projects/Unreal/Hue_01_01/Content/Blueprints/Actors/Tracks/BP_Track.uasset" 206
"../../../../../Create/Projects/Unreal/Hue_01_01/Content/Blueprints/Actors/Tracks/BP_PlaneTrack.uasset" 207
"../../../../../Create/Projects/Unreal/Hue_01_01/Content/Materials/M_CheckpointTrack.uasset" 208
"../../../../../Create/Projects/Unreal/Hue_01_01/Content/Blueprints/Actors/Tracks/BP_Checkpoint.uasset" 209
"../../../../../Create/Projects/Unreal/Hue_01_01/Content/SkeletalMesh/Player001_Skeleton.uasset" 210
"../../../../../Create/Projects/Unreal/Hue_01_01/Content/SkeletalMesh/Player001_Anim_Armature_FoldDown.uasset" 211
"../../../../../Create/Projects/Unreal/Hue_01_01/Content/SkeletalMesh/Player001_Anim_Armature_FoldUp.uasset" 212
"../../../../../Create/Projects/Unreal/Hue_01_01/Content/UI/UI_Finish.uasset" 213
"../../../../../Create/Projects/Unreal/Hue_01_01/Content/Textures/Button_Cross.uasset" 214
"../../../../../Create/Projects/Unreal/Hue_01_01/Content/Textures/Button_Green.uasset" 215
"../../../../../Create/Projects/Unreal/Hue_01_01/Content/Textures/Button_Tellow.uasset" 216
"../../../../../Create/Projects/Unreal/Hue_01_01/Content/Textures/Button_Yellow.uasset" 217
"../../../../../Create/Projects/Unreal/Hue_01_01/Content/Textures/LeftArrow.uasset" 218
"../../../../../Create/Projects/Unreal/Hue_01_01/Content/Textures/RightArrow.uasset" 219
"../../../../../Create/Projects/Unreal/Hue_01_01/Content/UI/UI_Level.uasset" 220
"../../../../../Create/Projects/Unreal/Hue_01_01/Content/UI/UI_Over.uasset" 221
"../../../../../Create/Projects/Unreal/Hue_01_01/Content/Blueprints/Game/PCtrl_Level.uasset" 222
"../../../../../Create/Projects/Unreal/Hue_01_01/Content/Materials/PickUpLaser/M_LaserGreen.uasset" 223
"../../../../../Create/Projects/Unreal/Hue_01_01/Content/Materials/PickUpLaser/M_LaserNone.uasset" 224
"../../../../../Create/Projects/Unreal/Hue_01_01/Content/Materials/PickUpLaser/M_LaserRed.uasset" 225
"../../../../../Create/Projects/Unreal/Hue_01_01/Content/Materials/PickUpLaser/M_LaserYellow.uasset" 226
"../../../../../Create/Projects/Unreal/Hue_01_01/Content/SkeletalMesh/Material_006.uasset" 227
"../../../../../Create/Projects/Unreal/Hue_01_01/Content/SkeletalMesh/Material_007.uasset" 228
"../../../../../Create/Projects/Unreal/Hue_01_01/Content/SkeletalMesh/Material_008.uasset" 229
"../../../../../Create/Projects/Unreal/Hue_01_01/Content/SkeletalMesh/Player001_PhysicsAsset.uasset" 230
"../../../../../Create/Projects/Unreal/Hue_01_01/Content/SkeletalMesh/Player001.uasset" 231
"../../../../../Create/Projects/Unreal/Hue_01_01/Content/Sound/Invalid.uasset" 232
"../../../../../Create/Projects/Unreal/Hue_01_01/Content/Blueprints/BP_Player.uasset" 233
"../../../../../Create/Projects/Unreal/Hue_01_01/Content/Materials/Material_003.uasset" 234
"../../../../../Create/Projects/Unreal/Hue_01_01/Content/Materials/Material_010.uasset" 235
"../../../../../Create/Projects/Unreal/Hue_01_01/Content/Materials/Material_011.uasset" 236
"../../../../../Create/Projects/Unreal/Hue_01_01/Content/StaticMesh/Material_004.uasset" 237
"../../../../../Create/Projects/Unreal/Hue_01_01/Content/StaticMesh/Finish.uasset" 238
"../../../../../Create/Projects/Unreal/Hue_01_01/Content/Blueprints/Actors/Tracks/BP_Finish.uasset" 239
"../../../../../Create/Projects/Unreal/Hue_01_01/Content/Blueprints/Game/GM_Levels.uasset" 240
"../../../../../Create/Projects/Unreal/Hue_01_01/Content/Levels/Map_01_BuiltData.uasset" 241
"../../../../../Create/Projects/Unreal/Hue_01_01/Content/Levels/Map_01.umap" 242
"../../../../../Create/Projects/Unreal/Hue_01_01/Content/Blueprints/Actors/BP_Checkpoint.uasset" 243
"../../../../../Create/Projects/Unreal/Hue_01_01/Content/Blueprints/Actors/BP_Finish.uasset" 244
"../../../../../Create/Projects/Unreal/Hue_01_01/Content/Blueprints/Actors/BP_Track.uasset" 245
"../../../../../Create/Projects/Unreal/Hue_01_01/Content/Levels/Map_02_BuiltData.uasset" 246
"../../../../../Create/Projects/Unreal/Hue_01_01/Content/Levels/Map_02.umap" 247
"../../../../../Create/Projects/Unreal/Hue_01_01/Content/Blueprints/Actors/BP_Speed.uasset" 248
"../../../../../Create/Projects/Unreal/Hue_01_01/Content/Textures/speed.uasset" 249
"../../../../../Create/Projects/Unreal/Hue_01_01/Content/Materials/M_Speed.uasset" 250
"../../../../../Create/Projects/Unreal/Hue_01_01/Content/Blueprints/Actors/Tracks/BP_Speed.uasset" 251
"../../../../../Create/Projects/Unreal/Hue_01_01/Content/Levels/Map_03_BuiltData.uasset" 252
"../../../../../Create/Projects/Unreal/Hue_01_01/Content/Levels/Map_03.umap" 253
"../../../Engine/Content/Maps/Entry_BuiltData.uasset" 254
"../../../Engine/Content/Maps/Entry.umap" 255
